2025-07-27 15:15:47,212 - INFO - Parameter: PROXIMITY_THRESHOLD_KM=0.2 km, DURATION_THRESHOLD_MIN=30 min
2025-07-27 15:15:47,213 - INFO - Memuat data dari: data/maritim_selat_sunda.pkl...
2025-07-27 15:16:07,375 - INFO - Data dimuat. Jumlah baris: 3680891
2025-07-27 15:16:07,472 - INFO - Melakukan pre-processing data...
2025-07-27 15:16:45,493 - INFO - Data setelah membersihkan null/invalid: 3676788 baris (dihapus 4103)
2025-07-27 15:16:48,169 - INFO - Jumlah entri dengan SOG < 0.5 knot: 2857797
2025-07-27 15:16:48,169 - INFO - Menghitung jarak dari pelabuhan...
2025-07-27 15:18:16,383 - INFO - Jumlah entri SOG rendah dan jauh dari pelabuhan: 1102549
2025-07-27 15:18:16,461 - INFO - Memulai deteksi anomali dalam 5112.00 jendela waktu (1 jam per jendela)...
2025-07-27 15:18:17,678 - INFO - Memproses jendela ke-10 (hingga 2024-06-01 10:00:09)...
2025-07-27 15:18:18,566 - INFO - Memproses jendela ke-20 (hingga 2024-06-01 20:00:09)...
2025-07-27 15:18:18,787 - INFO - Memproses jendela ke-30 (hingga 2024-06-02 06:00:09)...
2025-07-27 15:18:19,403 - INFO - Memproses jendela ke-40 (hingga 2024-06-02 16:00:09)...
2025-07-27 15:18:19,826 - INFO - Memproses jendela ke-50 (hingga 2024-06-03 02:00:09)...
2025-07-27 15:18:20,476 - INFO - Memproses jendela ke-60 (hingga 2024-06-03 12:00:09)...
2025-07-27 15:18:21,054 - INFO - Memproses jendela ke-70 (hingga 2024-06-03 22:00:09)...
2025-07-27 15:18:21,589 - INFO - Memproses jendela ke-80 (hingga 2024-06-04 08:00:09)...
2025-07-27 15:18:21,962 - INFO - Memproses jendela ke-90 (hingga 2024-06-04 18:00:09)...
2025-07-27 15:18:22,301 - INFO - Memproses jendela ke-100 (hingga 2024-06-05 04:00:09)...
2025-07-27 15:18:22,867 - INFO - Memproses jendela ke-110 (hingga 2024-06-05 14:00:09)...
2025-07-27 15:18:23,221 - INFO - Memproses jendela ke-120 (hingga 2024-06-06 00:00:09)...
2025-07-27 15:18:23,714 - INFO - Memproses jendela ke-130 (hingga 2024-06-06 10:00:09)...
2025-07-27 15:18:24,247 - INFO - Memproses jendela ke-140 (hingga 2024-06-06 20:00:09)...
2025-07-27 15:18:24,646 - INFO - Memproses jendela ke-150 (hingga 2024-06-07 06:00:09)...
2025-07-27 15:18:25,323 - INFO - Memproses jendela ke-160 (hingga 2024-06-07 16:00:09)...
2025-07-27 15:18:25,802 - INFO - Memproses jendela ke-170 (hingga 2024-06-08 02:00:09)...
2025-07-27 15:18:26,333 - INFO - Memproses jendela ke-180 (hingga 2024-06-08 12:00:09)...
2025-07-27 15:18:26,654 - INFO - Memproses jendela ke-190 (hingga 2024-06-08 22:00:09)...
2025-07-27 15:18:27,107 - INFO - Memproses jendela ke-200 (hingga 2024-06-09 08:00:09)...
2025-07-27 15:18:27,552 - INFO - Memproses jendela ke-210 (hingga 2024-06-09 18:00:09)...
2025-07-27 15:18:27,887 - INFO - Memproses jendela ke-220 (hingga 2024-06-10 04:00:09)...
2025-07-27 15:18:28,306 - INFO - Memproses jendela ke-230 (hingga 2024-06-10 14:00:09)...
2025-07-27 15:18:28,607 - INFO - Memproses jendela ke-240 (hingga 2024-06-11 00:00:09)...
2025-07-27 15:18:29,181 - INFO - Memproses jendela ke-250 (hingga 2024-06-11 10:00:09)...
2025-07-27 15:18:29,494 - INFO - Memproses jendela ke-260 (hingga 2024-06-11 20:00:09)...
2025-07-27 15:18:29,977 - INFO - Memproses jendela ke-270 (hingga 2024-06-12 06:00:09)...
2025-07-27 15:18:30,468 - INFO - Memproses jendela ke-280 (hingga 2024-06-12 16:00:09)...
2025-07-27 15:18:30,747 - INFO - Memproses jendela ke-290 (hingga 2024-06-13 02:00:09)...
2025-07-27 15:18:31,290 - INFO - Memproses jendela ke-300 (hingga 2024-06-13 12:00:09)...
2025-07-27 15:18:31,707 - INFO - Memproses jendela ke-310 (hingga 2024-06-13 22:00:09)...
2025-07-27 15:18:32,250 - INFO - Memproses jendela ke-320 (hingga 2024-06-14 08:00:09)...
2025-07-27 15:18:32,635 - INFO - Memproses jendela ke-330 (hingga 2024-06-14 18:00:09)...
2025-07-27 15:18:32,971 - INFO - Memproses jendela ke-340 (hingga 2024-06-15 04:00:09)...
2025-07-27 15:18:33,575 - INFO - Memproses jendela ke-350 (hingga 2024-06-15 14:00:09)...
2025-07-27 15:18:34,042 - INFO - Memproses jendela ke-360 (hingga 2024-06-16 00:00:09)...
2025-07-27 15:18:34,572 - INFO - Memproses jendela ke-370 (hingga 2024-06-16 10:00:09)...
2025-07-27 15:18:35,212 - INFO - Memproses jendela ke-380 (hingga 2024-06-16 20:00:09)...
2025-07-27 15:18:36,059 - INFO - Memproses jendela ke-390 (hingga 2024-06-17 06:00:09)...
2025-07-27 15:18:36,714 - INFO - Memproses jendela ke-400 (hingga 2024-06-17 16:00:09)...
2025-07-27 15:18:37,077 - INFO - Memproses jendela ke-410 (hingga 2024-06-18 02:00:09)...
2025-07-27 15:18:37,693 - INFO - Memproses jendela ke-420 (hingga 2024-06-18 12:00:09)...
2025-07-27 15:18:38,067 - INFO - Memproses jendela ke-430 (hingga 2024-06-18 22:00:09)...
2025-07-27 15:18:38,490 - INFO - Memproses jendela ke-440 (hingga 2024-06-19 08:00:09)...
2025-07-27 15:18:38,858 - INFO - Memproses jendela ke-450 (hingga 2024-06-19 18:00:09)...
2025-07-27 15:18:39,195 - INFO - Memproses jendela ke-460 (hingga 2024-06-20 04:00:09)...
2025-07-27 15:18:39,803 - INFO - Memproses jendela ke-470 (hingga 2024-06-20 14:00:09)...
2025-07-27 15:18:40,188 - INFO - Memproses jendela ke-480 (hingga 2024-06-21 00:00:09)...
2025-07-27 15:18:40,711 - INFO - Memproses jendela ke-490 (hingga 2024-06-21 10:00:09)...
2025-07-27 15:18:43,293 - INFO - Memproses jendela ke-500 (hingga 2024-06-21 20:00:09)...
2025-07-27 15:18:48,426 - INFO - Memproses jendela ke-510 (hingga 2024-06-22 06:00:09)...
2025-07-27 15:18:53,119 - INFO - Memproses jendela ke-520 (hingga 2024-06-22 16:00:09)...
2025-07-27 15:18:57,759 - INFO - Memproses jendela ke-530 (hingga 2024-06-23 02:00:09)...
2025-07-27 15:19:02,488 - INFO - Memproses jendela ke-540 (hingga 2024-06-23 12:00:09)...
2025-07-27 15:19:06,635 - INFO - Memproses jendela ke-550 (hingga 2024-06-23 22:00:09)...
2025-07-27 15:19:18,308 - INFO - Memproses jendela ke-560 (hingga 2024-06-24 08:00:09)...
2025-07-27 15:19:22,036 - INFO - Memproses jendela ke-570 (hingga 2024-06-24 18:00:09)...
2025-07-27 15:19:25,514 - INFO - Memproses jendela ke-580 (hingga 2024-06-25 04:00:09)...
2025-07-27 15:19:28,850 - INFO - Memproses jendela ke-590 (hingga 2024-06-25 14:00:09)...
2025-07-27 15:19:32,773 - INFO - Memproses jendela ke-600 (hingga 2024-06-26 00:00:09)...
2025-07-27 15:19:36,882 - INFO - Memproses jendela ke-610 (hingga 2024-06-26 10:00:09)...
2025-07-27 15:19:40,612 - INFO - Memproses jendela ke-620 (hingga 2024-06-26 20:00:09)...
2025-07-27 15:19:44,340 - INFO - Memproses jendela ke-630 (hingga 2024-06-27 06:00:09)...
2025-07-27 15:19:48,141 - INFO - Memproses jendela ke-640 (hingga 2024-06-27 16:00:09)...
2025-07-27 15:19:54,524 - INFO - Memproses jendela ke-650 (hingga 2024-06-28 02:00:09)...
2025-07-27 15:19:58,109 - INFO - Memproses jendela ke-660 (hingga 2024-06-28 12:00:09)...
2025-07-27 15:20:01,811 - INFO - Memproses jendela ke-670 (hingga 2024-06-28 22:00:09)...
2025-07-27 15:20:05,570 - INFO - Memproses jendela ke-680 (hingga 2024-06-29 08:00:09)...
2025-07-27 15:20:08,782 - INFO - Memproses jendela ke-690 (hingga 2024-06-29 18:00:09)...
2025-07-27 15:20:12,643 - INFO - Memproses jendela ke-700 (hingga 2024-06-30 04:00:09)...
2025-07-27 15:20:17,270 - INFO - Memproses jendela ke-710 (hingga 2024-06-30 14:00:09)...
2025-07-27 15:20:43,987 - INFO - Memproses jendela ke-720 (hingga 2024-07-01 00:00:09)...
2025-07-27 15:20:48,125 - INFO - Memproses jendela ke-730 (hingga 2024-07-01 10:00:09)...
2025-07-27 15:20:52,207 - INFO - Memproses jendela ke-740 (hingga 2024-07-01 20:00:09)...
2025-07-27 15:20:56,470 - INFO - Memproses jendela ke-750 (hingga 2024-07-02 06:00:09)...
2025-07-27 15:21:03,754 - INFO - Memproses jendela ke-760 (hingga 2024-07-02 16:00:09)...
2025-07-27 15:21:07,949 - INFO - Memproses jendela ke-770 (hingga 2024-07-03 02:00:09)...
2025-07-27 15:21:12,018 - INFO - Memproses jendela ke-780 (hingga 2024-07-03 12:00:09)...
2025-07-27 15:21:15,869 - INFO - Memproses jendela ke-790 (hingga 2024-07-03 22:00:09)...
2025-07-27 15:21:19,772 - INFO - Memproses jendela ke-800 (hingga 2024-07-04 08:00:09)...
2025-07-27 15:21:24,210 - INFO - Memproses jendela ke-810 (hingga 2024-07-04 18:00:09)...
2025-07-27 15:21:28,482 - INFO - Memproses jendela ke-820 (hingga 2024-07-05 04:00:09)...
2025-07-27 15:21:32,514 - INFO - Memproses jendela ke-830 (hingga 2024-07-05 14:00:09)...
2025-07-27 15:21:37,941 - INFO - Memproses jendela ke-840 (hingga 2024-07-06 00:00:09)...
2025-07-27 15:21:42,086 - INFO - Memproses jendela ke-850 (hingga 2024-07-06 10:00:09)...
2025-07-27 15:21:45,912 - INFO - Memproses jendela ke-860 (hingga 2024-07-06 20:00:09)...
2025-07-27 15:21:49,642 - INFO - Memproses jendela ke-870 (hingga 2024-07-07 06:00:09)...
2025-07-27 15:21:52,879 - INFO - Memproses jendela ke-880 (hingga 2024-07-07 16:00:09)...
2025-07-27 15:21:53,406 - INFO - Memproses jendela ke-890 (hingga 2024-07-08 02:00:09)...
2025-07-27 15:21:57,921 - INFO - Memproses jendela ke-900 (hingga 2024-07-08 12:00:09)...
2025-07-27 15:22:02,128 - INFO - Memproses jendela ke-910 (hingga 2024-07-08 22:00:09)...
2025-07-27 15:22:05,624 - INFO - Memproses jendela ke-920 (hingga 2024-07-09 08:00:09)...
2025-07-27 15:22:10,522 - INFO - Memproses jendela ke-930 (hingga 2024-07-09 18:00:09)...
2025-07-27 15:22:14,419 - INFO - Memproses jendela ke-940 (hingga 2024-07-10 04:00:09)...
2025-07-27 15:22:18,746 - INFO - Memproses jendela ke-950 (hingga 2024-07-10 14:00:09)...
2025-07-27 15:22:23,114 - INFO - Memproses jendela ke-960 (hingga 2024-07-11 00:00:09)...
2025-07-27 15:22:26,923 - INFO - Memproses jendela ke-970 (hingga 2024-07-11 10:00:09)...
2025-07-27 15:22:31,232 - INFO - Memproses jendela ke-980 (hingga 2024-07-11 20:00:09)...
2025-07-27 15:22:35,219 - INFO - Memproses jendela ke-990 (hingga 2024-07-12 06:00:09)...
2025-07-27 15:22:38,862 - INFO - Memproses jendela ke-1000 (hingga 2024-07-12 16:00:09)...
2025-07-27 15:22:46,084 - INFO - Memproses jendela ke-1010 (hingga 2024-07-13 02:00:09)...
2025-07-27 15:22:50,142 - INFO - Memproses jendela ke-1020 (hingga 2024-07-13 12:00:09)...
2025-07-27 15:22:53,884 - INFO - Memproses jendela ke-1030 (hingga 2024-07-13 22:00:09)...
2025-07-27 15:22:59,351 - INFO - Memproses jendela ke-1040 (hingga 2024-07-14 08:00:09)...
2025-07-27 15:23:04,247 - INFO - Memproses jendela ke-1050 (hingga 2024-07-14 18:00:09)...
2025-07-27 15:23:09,026 - INFO - Memproses jendela ke-1060 (hingga 2024-07-15 04:00:09)...
2025-07-27 15:23:13,445 - INFO - Memproses jendela ke-1070 (hingga 2024-07-15 14:00:09)...
2025-07-27 15:23:20,637 - INFO - Memproses jendela ke-1080 (hingga 2024-07-16 00:00:09)...
2025-07-27 15:23:24,910 - INFO - Memproses jendela ke-1090 (hingga 2024-07-16 10:00:09)...
2025-07-27 15:23:29,679 - INFO - Memproses jendela ke-1100 (hingga 2024-07-16 20:00:09)...
2025-07-27 15:23:33,735 - INFO - Memproses jendela ke-1110 (hingga 2024-07-17 06:00:09)...
2025-07-27 15:23:37,931 - INFO - Memproses jendela ke-1120 (hingga 2024-07-17 16:00:09)...
2025-07-27 15:23:42,076 - INFO - Memproses jendela ke-1130 (hingga 2024-07-18 02:00:09)...
2025-07-27 15:23:46,070 - INFO - Memproses jendela ke-1140 (hingga 2024-07-18 12:00:09)...
2025-07-27 15:23:50,226 - INFO - Memproses jendela ke-1150 (hingga 2024-07-18 22:00:09)...
2025-07-27 15:23:57,167 - INFO - Memproses jendela ke-1160 (hingga 2024-07-19 08:00:09)...
2025-07-27 15:24:01,123 - INFO - Memproses jendela ke-1170 (hingga 2024-07-19 18:00:09)...
2025-07-27 15:24:05,183 - INFO - Memproses jendela ke-1180 (hingga 2024-07-20 04:00:09)...
2025-07-27 15:24:09,180 - INFO - Memproses jendela ke-1190 (hingga 2024-07-20 14:00:09)...
2025-07-27 15:24:13,220 - INFO - Memproses jendela ke-1200 (hingga 2024-07-21 00:00:09)...
2025-07-27 15:24:16,808 - INFO - Memproses jendela ke-1210 (hingga 2024-07-21 10:00:09)...
2025-07-27 15:24:20,117 - INFO - Memproses jendela ke-1220 (hingga 2024-07-21 20:00:09)...
2025-07-27 15:24:23,459 - INFO - Memproses jendela ke-1230 (hingga 2024-07-22 06:00:09)...
2025-07-27 15:24:27,131 - INFO - Memproses jendela ke-1240 (hingga 2024-07-22 16:00:09)...
2025-07-27 15:24:33,842 - INFO - Memproses jendela ke-1250 (hingga 2024-07-23 02:00:09)...
2025-07-27 15:24:37,669 - INFO - Memproses jendela ke-1260 (hingga 2024-07-23 12:00:09)...
2025-07-27 15:24:41,432 - INFO - Memproses jendela ke-1270 (hingga 2024-07-23 22:00:09)...
2025-07-27 15:24:45,350 - INFO - Memproses jendela ke-1280 (hingga 2024-07-24 08:00:09)...
2025-07-27 15:24:49,323 - INFO - Memproses jendela ke-1290 (hingga 2024-07-24 18:00:09)...
2025-07-27 15:24:53,189 - INFO - Memproses jendela ke-1300 (hingga 2024-07-25 04:00:09)...
2025-07-27 15:24:56,994 - INFO - Memproses jendela ke-1310 (hingga 2024-07-25 14:00:09)...
2025-07-27 15:25:00,274 - INFO - Memproses jendela ke-1320 (hingga 2024-07-26 00:00:09)...
2025-07-27 15:25:07,278 - INFO - Memproses jendela ke-1330 (hingga 2024-07-26 10:00:09)...
2025-07-27 15:25:11,453 - INFO - Memproses jendela ke-1340 (hingga 2024-07-26 20:00:09)...
2025-07-27 15:25:15,941 - INFO - Memproses jendela ke-1350 (hingga 2024-07-27 06:00:09)...
2025-07-27 15:25:20,525 - INFO - Memproses jendela ke-1360 (hingga 2024-07-27 16:00:09)...
2025-07-27 15:25:24,840 - INFO - Memproses jendela ke-1370 (hingga 2024-07-28 02:00:09)...
2025-07-27 15:25:29,166 - INFO - Memproses jendela ke-1380 (hingga 2024-07-28 12:00:09)...
2025-07-27 15:25:33,125 - INFO - Memproses jendela ke-1390 (hingga 2024-07-28 22:00:09)...
2025-07-27 15:25:37,589 - INFO - Memproses jendela ke-1400 (hingga 2024-07-29 08:00:09)...
2025-07-27 15:25:45,052 - INFO - Memproses jendela ke-1410 (hingga 2024-07-29 18:00:09)...
2025-07-27 15:25:49,606 - INFO - Memproses jendela ke-1420 (hingga 2024-07-30 04:00:09)...
2025-07-27 15:25:53,961 - INFO - Memproses jendela ke-1430 (hingga 2024-07-30 14:00:09)...
2025-07-27 15:25:58,453 - INFO - Memproses jendela ke-1440 (hingga 2024-07-31 00:00:09)...
2025-07-27 15:26:02,859 - INFO - Memproses jendela ke-1450 (hingga 2024-07-31 10:00:09)...
2025-07-27 15:26:07,151 - INFO - Memproses jendela ke-1460 (hingga 2024-07-31 20:00:09)...
2025-07-27 15:26:11,393 - INFO - Memproses jendela ke-1470 (hingga 2024-08-01 06:00:09)...
2025-07-27 15:26:18,879 - INFO - Memproses jendela ke-1480 (hingga 2024-08-01 16:00:09)...
2025-07-27 15:26:23,223 - INFO - Memproses jendela ke-1490 (hingga 2024-08-02 02:00:09)...
2025-07-27 15:26:27,262 - INFO - Memproses jendela ke-1500 (hingga 2024-08-02 12:00:09)...
2025-07-27 15:26:31,782 - INFO - Memproses jendela ke-1510 (hingga 2024-08-02 22:00:09)...
2025-07-27 15:26:36,348 - INFO - Memproses jendela ke-1520 (hingga 2024-08-03 08:00:09)...
2025-07-27 15:26:40,637 - INFO - Memproses jendela ke-1530 (hingga 2024-08-03 18:00:09)...
2025-07-27 15:26:45,282 - INFO - Memproses jendela ke-1540 (hingga 2024-08-04 04:00:09)...
2025-07-27 15:26:49,931 - INFO - Memproses jendela ke-1550 (hingga 2024-08-04 14:00:09)...
2025-07-27 15:26:57,049 - INFO - Memproses jendela ke-1560 (hingga 2024-08-05 00:00:09)...
2025-07-27 15:27:01,040 - INFO - Memproses jendela ke-1570 (hingga 2024-08-05 10:00:09)...
2025-07-27 15:27:05,537 - INFO - Memproses jendela ke-1580 (hingga 2024-08-05 20:00:09)...
2025-07-27 15:27:10,321 - INFO - Memproses jendela ke-1590 (hingga 2024-08-06 06:00:09)...
2025-07-27 15:27:16,149 - INFO - Memproses jendela ke-1600 (hingga 2024-08-06 16:00:09)...
2025-07-27 15:27:22,357 - INFO - Memproses jendela ke-1610 (hingga 2024-08-07 02:00:09)...
2025-07-27 15:27:31,419 - INFO - Memproses jendela ke-1620 (hingga 2024-08-07 12:00:09)...
2025-07-27 15:27:36,993 - INFO - Memproses jendela ke-1630 (hingga 2024-08-07 22:00:09)...
2025-07-27 15:27:42,283 - INFO - Memproses jendela ke-1640 (hingga 2024-08-08 08:00:09)...
2025-07-27 15:27:47,365 - INFO - Memproses jendela ke-1650 (hingga 2024-08-08 18:00:09)...
2025-07-27 15:27:51,914 - INFO - Memproses jendela ke-1660 (hingga 2024-08-09 04:00:09)...
2025-07-27 15:27:56,386 - INFO - Memproses jendela ke-1670 (hingga 2024-08-09 14:00:09)...
2025-07-27 15:28:00,493 - INFO - Memproses jendela ke-1680 (hingga 2024-08-10 00:00:09)...
2025-07-27 15:28:08,628 - INFO - Memproses jendela ke-1690 (hingga 2024-08-10 10:00:09)...
2025-07-27 15:28:12,811 - INFO - Memproses jendela ke-1700 (hingga 2024-08-10 20:00:09)...
2025-07-27 15:28:17,353 - INFO - Memproses jendela ke-1710 (hingga 2024-08-11 06:00:09)...
2025-07-27 15:28:21,575 - INFO - Memproses jendela ke-1720 (hingga 2024-08-11 16:00:09)...
2025-07-27 15:28:26,766 - INFO - Memproses jendela ke-1730 (hingga 2024-08-12 02:00:09)...
2025-07-27 15:28:31,622 - INFO - Memproses jendela ke-1740 (hingga 2024-08-12 12:00:09)...
2025-07-27 15:28:36,193 - INFO - Memproses jendela ke-1750 (hingga 2024-08-12 22:00:09)...
2025-07-27 15:28:40,555 - INFO - Memproses jendela ke-1760 (hingga 2024-08-13 08:00:09)...
2025-07-27 15:28:45,277 - INFO - Memproses jendela ke-1770 (hingga 2024-08-13 18:00:09)...
2025-07-27 15:28:49,399 - INFO - Memproses jendela ke-1780 (hingga 2024-08-14 04:00:09)...
2025-07-27 15:28:53,539 - INFO - Memproses jendela ke-1790 (hingga 2024-08-14 14:00:09)...
2025-07-27 15:29:01,952 - INFO - Memproses jendela ke-1800 (hingga 2024-08-15 00:00:09)...
2025-07-27 15:29:06,121 - INFO - Memproses jendela ke-1810 (hingga 2024-08-15 10:00:09)...
2025-07-27 15:29:07,990 - INFO - Memproses jendela ke-1820 (hingga 2024-08-15 20:00:09)...
2025-07-27 15:29:08,666 - INFO - Memproses jendela ke-1830 (hingga 2024-08-16 06:00:09)...
2025-07-27 15:29:09,538 - INFO - Memproses jendela ke-1840 (hingga 2024-08-16 16:00:09)...
2025-07-27 15:29:10,200 - INFO - Memproses jendela ke-1850 (hingga 2024-08-17 02:00:09)...
2025-07-27 15:29:10,975 - INFO - Memproses jendela ke-1860 (hingga 2024-08-17 12:00:09)...
2025-07-27 15:29:11,525 - INFO - Memproses jendela ke-1870 (hingga 2024-08-17 22:00:09)...
2025-07-27 15:29:12,018 - INFO - Memproses jendela ke-1880 (hingga 2024-08-18 08:00:09)...
2025-07-27 15:29:12,788 - INFO - Memproses jendela ke-1890 (hingga 2024-08-18 18:00:09)...
2025-07-27 15:29:13,378 - INFO - Memproses jendela ke-1900 (hingga 2024-08-19 04:00:09)...
2025-07-27 15:29:14,532 - INFO - Memproses jendela ke-1910 (hingga 2024-08-19 14:00:09)...
2025-07-27 15:29:18,837 - INFO - Memproses jendela ke-1920 (hingga 2024-08-20 00:00:09)...
2025-07-27 15:29:22,975 - INFO - Memproses jendela ke-1930 (hingga 2024-08-20 10:00:09)...
2025-07-27 15:29:26,753 - INFO - Memproses jendela ke-1940 (hingga 2024-08-20 20:00:09)...
2025-07-27 15:29:34,557 - INFO - Memproses jendela ke-1950 (hingga 2024-08-21 06:00:09)...
2025-07-27 15:29:38,314 - INFO - Memproses jendela ke-1960 (hingga 2024-08-21 16:00:09)...
2025-07-27 15:29:42,588 - INFO - Memproses jendela ke-1970 (hingga 2024-08-22 02:00:09)...
2025-07-27 15:29:46,767 - INFO - Memproses jendela ke-1980 (hingga 2024-08-22 12:00:09)...
2025-07-27 15:29:50,781 - INFO - Memproses jendela ke-1990 (hingga 2024-08-22 22:00:09)...
2025-07-27 15:29:54,337 - INFO - Memproses jendela ke-2000 (hingga 2024-08-23 08:00:09)...
2025-07-27 15:29:58,145 - INFO - Memproses jendela ke-2010 (hingga 2024-08-23 18:00:09)...
2025-07-27 15:30:01,876 - INFO - Memproses jendela ke-2020 (hingga 2024-08-24 04:00:09)...
2025-07-27 15:30:05,617 - INFO - Memproses jendela ke-2030 (hingga 2024-08-24 14:00:09)...
2025-07-27 15:30:12,368 - INFO - Memproses jendela ke-2040 (hingga 2024-08-25 00:00:09)...
2025-07-27 15:30:16,021 - INFO - Memproses jendela ke-2050 (hingga 2024-08-25 10:00:09)...
2025-07-27 15:30:20,613 - INFO - Memproses jendela ke-2060 (hingga 2024-08-25 20:00:09)...
2025-07-27 15:30:25,678 - INFO - Memproses jendela ke-2070 (hingga 2024-08-26 06:00:09)...
2025-07-27 15:30:30,920 - INFO - Memproses jendela ke-2080 (hingga 2024-08-26 16:00:09)...
2025-07-27 15:30:35,361 - INFO - Memproses jendela ke-2090 (hingga 2024-08-27 02:00:09)...
2025-07-27 15:30:39,865 - INFO - Memproses jendela ke-2100 (hingga 2024-08-27 12:00:09)...
2025-07-27 15:30:48,457 - INFO - Memproses jendela ke-2110 (hingga 2024-08-27 22:00:09)...
2025-07-27 15:30:54,580 - INFO - Memproses jendela ke-2120 (hingga 2024-08-28 08:00:09)...
2025-07-27 15:31:00,087 - INFO - Memproses jendela ke-2130 (hingga 2024-08-28 18:00:09)...
2025-07-27 15:31:04,839 - INFO - Memproses jendela ke-2140 (hingga 2024-08-29 04:00:09)...
2025-07-27 15:31:09,319 - INFO - Memproses jendela ke-2150 (hingga 2024-08-29 14:00:09)...
2025-07-27 15:31:13,792 - INFO - Memproses jendela ke-2160 (hingga 2024-08-30 00:00:09)...
2025-07-27 15:31:21,640 - INFO - Memproses jendela ke-2170 (hingga 2024-08-30 10:00:09)...
2025-07-27 15:31:26,628 - INFO - Memproses jendela ke-2180 (hingga 2024-08-30 20:00:09)...
2025-07-27 15:31:31,431 - INFO - Memproses jendela ke-2190 (hingga 2024-08-31 06:00:09)...
2025-07-27 15:31:35,369 - INFO - Memproses jendela ke-2200 (hingga 2024-08-31 16:00:09)...
2025-07-27 15:31:39,240 - INFO - Memproses jendela ke-2210 (hingga 2024-09-01 02:00:09)...
2025-07-27 15:31:43,140 - INFO - Memproses jendela ke-2220 (hingga 2024-09-01 12:00:09)...
2025-07-27 15:31:47,305 - INFO - Memproses jendela ke-2230 (hingga 2024-09-01 22:00:09)...
2025-07-27 15:31:51,246 - INFO - Memproses jendela ke-2240 (hingga 2024-09-02 08:00:09)...
2025-07-27 15:31:58,385 - INFO - Memproses jendela ke-2250 (hingga 2024-09-02 18:00:09)...
2025-07-27 15:32:02,998 - INFO - Memproses jendela ke-2260 (hingga 2024-09-03 04:00:09)...
2025-07-27 15:32:07,106 - INFO - Memproses jendela ke-2270 (hingga 2024-09-03 14:00:09)...
2025-07-27 15:32:11,437 - INFO - Memproses jendela ke-2280 (hingga 2024-09-04 00:00:09)...
2025-07-27 15:32:15,671 - INFO - Memproses jendela ke-2290 (hingga 2024-09-04 10:00:09)...
2025-07-27 15:32:20,381 - INFO - Memproses jendela ke-2300 (hingga 2024-09-04 20:00:09)...
2025-07-27 15:32:24,544 - INFO - Memproses jendela ke-2310 (hingga 2024-09-05 06:00:09)...
2025-07-27 15:32:31,746 - INFO - Memproses jendela ke-2320 (hingga 2024-09-05 16:00:09)...
2025-07-27 15:32:35,663 - INFO - Memproses jendela ke-2330 (hingga 2024-09-06 02:00:09)...
2025-07-27 15:32:39,512 - INFO - Memproses jendela ke-2340 (hingga 2024-09-06 12:00:09)...
2025-07-27 15:32:43,953 - INFO - Memproses jendela ke-2350 (hingga 2024-09-06 22:00:09)...
2025-07-27 15:32:48,203 - INFO - Memproses jendela ke-2360 (hingga 2024-09-07 08:00:09)...
2025-07-27 15:32:52,534 - INFO - Memproses jendela ke-2370 (hingga 2024-09-07 18:00:09)...
2025-07-27 15:32:57,551 - INFO - Memproses jendela ke-2380 (hingga 2024-09-08 04:00:09)...
2025-07-27 15:33:02,440 - INFO - Memproses jendela ke-2390 (hingga 2024-09-08 14:00:09)...
2025-07-27 15:33:10,676 - INFO - Memproses jendela ke-2400 (hingga 2024-09-09 00:00:09)...
2025-07-27 15:33:15,939 - INFO - Memproses jendela ke-2410 (hingga 2024-09-09 10:00:09)...
2025-07-27 15:33:20,378 - INFO - Memproses jendela ke-2420 (hingga 2024-09-09 20:00:09)...
2025-07-27 15:33:25,653 - INFO - Memproses jendela ke-2430 (hingga 2024-09-10 06:00:09)...
2025-07-27 15:33:30,369 - INFO - Memproses jendela ke-2440 (hingga 2024-09-10 16:00:09)...
2025-07-27 15:33:35,828 - INFO - Memproses jendela ke-2450 (hingga 2024-09-11 02:00:09)...
2025-07-27 15:33:43,856 - INFO - Memproses jendela ke-2460 (hingga 2024-09-11 12:00:09)...
2025-07-27 15:33:49,012 - INFO - Memproses jendela ke-2470 (hingga 2024-09-11 22:00:09)...
2025-07-27 15:33:53,573 - INFO - Memproses jendela ke-2480 (hingga 2024-09-12 08:00:09)...
2025-07-27 15:33:58,279 - INFO - Memproses jendela ke-2490 (hingga 2024-09-12 18:00:09)...
2025-07-27 15:33:59,149 - INFO - Memproses jendela ke-2500 (hingga 2024-09-13 04:00:09)...
2025-07-27 15:33:59,289 - INFO - Memproses jendela ke-2510 (hingga 2024-09-13 14:00:09)...
2025-07-27 15:33:59,386 - INFO - Memproses jendela ke-2520 (hingga 2024-09-14 00:00:09)...
2025-07-27 15:33:59,598 - INFO - Memproses jendela ke-2530 (hingga 2024-09-14 10:00:09)...
2025-07-27 15:34:04,277 - INFO - Memproses jendela ke-2540 (hingga 2024-09-14 20:00:09)...
2025-07-27 15:34:09,019 - INFO - Memproses jendela ke-2550 (hingga 2024-09-15 06:00:09)...
2025-07-27 15:34:13,860 - INFO - Memproses jendela ke-2560 (hingga 2024-09-15 16:00:09)...
2025-07-27 15:34:21,200 - INFO - Memproses jendela ke-2570 (hingga 2024-09-16 02:00:09)...
2025-07-27 15:34:25,635 - INFO - Memproses jendela ke-2580 (hingga 2024-09-16 12:00:09)...
2025-07-27 15:34:30,275 - INFO - Memproses jendela ke-2590 (hingga 2024-09-16 22:00:09)...
2025-07-27 15:34:35,696 - INFO - Memproses jendela ke-2600 (hingga 2024-09-17 08:00:09)...
2025-07-27 15:34:41,892 - INFO - Memproses jendela ke-2610 (hingga 2024-09-17 18:00:09)...
2025-07-27 15:34:47,386 - INFO - Memproses jendela ke-2620 (hingga 2024-09-18 04:00:09)...
2025-07-27 15:34:52,706 - INFO - Memproses jendela ke-2630 (hingga 2024-09-18 14:00:09)...
2025-07-27 15:34:54,176 - INFO - Memproses jendela ke-2640 (hingga 2024-09-19 00:00:09)...
2025-07-27 15:34:55,866 - INFO - Memproses jendela ke-2650 (hingga 2024-09-19 10:00:09)...
2025-07-27 15:35:01,071 - INFO - Memproses jendela ke-2660 (hingga 2024-09-19 20:00:09)...
2025-07-27 15:35:10,655 - INFO - Memproses jendela ke-2670 (hingga 2024-09-20 06:00:09)...
2025-07-27 15:35:15,950 - INFO - Memproses jendela ke-2680 (hingga 2024-09-20 16:00:09)...
2025-07-27 15:35:20,446 - INFO - Memproses jendela ke-2690 (hingga 2024-09-21 02:00:09)...
2025-07-27 15:35:25,176 - INFO - Memproses jendela ke-2700 (hingga 2024-09-21 12:00:09)...
2025-07-27 15:35:29,496 - INFO - Memproses jendela ke-2710 (hingga 2024-09-21 22:00:09)...
2025-07-27 15:35:34,383 - INFO - Memproses jendela ke-2720 (hingga 2024-09-22 08:00:09)...
2025-07-27 15:35:38,587 - INFO - Memproses jendela ke-2730 (hingga 2024-09-22 18:00:09)...
2025-07-27 15:35:43,032 - INFO - Memproses jendela ke-2740 (hingga 2024-09-23 04:00:09)...
2025-07-27 15:35:47,345 - INFO - Memproses jendela ke-2750 (hingga 2024-09-23 14:00:09)...
2025-07-27 15:35:49,959 - INFO - Memproses jendela ke-2760 (hingga 2024-09-24 00:00:09)...
2025-07-27 15:35:54,018 - INFO - Memproses jendela ke-2770 (hingga 2024-09-24 10:00:09)...
2025-07-27 15:36:02,427 - INFO - Memproses jendela ke-2780 (hingga 2024-09-24 20:00:09)...
2025-07-27 15:36:07,119 - INFO - Memproses jendela ke-2790 (hingga 2024-09-25 06:00:09)...
2025-07-27 15:36:10,906 - INFO - Memproses jendela ke-2800 (hingga 2024-09-25 16:00:09)...
2025-07-27 15:36:16,528 - INFO - Memproses jendela ke-2810 (hingga 2024-09-26 02:00:09)...
2025-07-27 15:36:21,934 - INFO - Memproses jendela ke-2820 (hingga 2024-09-26 12:00:09)...
2025-07-27 15:36:26,666 - INFO - Memproses jendela ke-2830 (hingga 2024-09-26 22:00:09)...
2025-07-27 15:36:31,875 - INFO - Memproses jendela ke-2840 (hingga 2024-09-27 08:00:09)...
2025-07-27 15:36:40,222 - INFO - Memproses jendela ke-2850 (hingga 2024-09-27 18:00:09)...
2025-07-27 15:36:45,903 - INFO - Memproses jendela ke-2860 (hingga 2024-09-28 04:00:09)...
2025-07-27 15:36:49,747 - INFO - Memproses jendela ke-2870 (hingga 2024-09-28 14:00:09)...
2025-07-27 15:36:54,783 - INFO - Memproses jendela ke-2880 (hingga 2024-09-29 00:00:09)...
2025-07-27 15:36:59,814 - INFO - Memproses jendela ke-2890 (hingga 2024-09-29 10:00:09)...
2025-07-27 15:37:04,556 - INFO - Memproses jendela ke-2900 (hingga 2024-09-29 20:00:09)...
2025-07-27 15:37:12,157 - INFO - Memproses jendela ke-2910 (hingga 2024-09-30 06:00:09)...
2025-07-27 15:37:17,174 - INFO - Memproses jendela ke-2920 (hingga 2024-09-30 16:00:09)...
2025-07-27 15:37:22,125 - INFO - Memproses jendela ke-2930 (hingga 2024-10-01 02:00:09)...
2025-07-27 15:37:26,753 - INFO - Memproses jendela ke-2940 (hingga 2024-10-01 12:00:09)...
2025-07-27 15:37:31,358 - INFO - Memproses jendela ke-2950 (hingga 2024-10-01 22:00:09)...
2025-07-27 15:37:37,838 - INFO - Memproses jendela ke-2960 (hingga 2024-10-02 08:00:09)...
2025-07-27 15:37:47,174 - INFO - Memproses jendela ke-2970 (hingga 2024-10-02 18:00:09)...
2025-07-27 15:37:52,829 - INFO - Memproses jendela ke-2980 (hingga 2024-10-03 04:00:09)...
2025-07-27 15:37:57,779 - INFO - Memproses jendela ke-2990 (hingga 2024-10-03 14:00:09)...
2025-07-27 15:38:03,425 - INFO - Memproses jendela ke-3000 (hingga 2024-10-04 00:00:09)...
2025-07-27 15:38:08,873 - INFO - Memproses jendela ke-3010 (hingga 2024-10-04 10:00:09)...
2025-07-27 15:38:13,298 - INFO - Memproses jendela ke-3020 (hingga 2024-10-04 20:00:09)...
2025-07-27 15:38:17,229 - INFO - Memproses jendela ke-3030 (hingga 2024-10-05 06:00:09)...
2025-07-27 15:38:24,947 - INFO - Memproses jendela ke-3040 (hingga 2024-10-05 16:00:09)...
2025-07-27 15:38:29,841 - INFO - Memproses jendela ke-3050 (hingga 2024-10-06 02:00:09)...
2025-07-27 15:38:34,446 - INFO - Memproses jendela ke-3060 (hingga 2024-10-06 12:00:09)...
2025-07-27 15:38:38,698 - INFO - Memproses jendela ke-3070 (hingga 2024-10-06 22:00:09)...
2025-07-27 15:38:43,326 - INFO - Memproses jendela ke-3080 (hingga 2024-10-07 08:00:09)...
2025-07-27 15:38:47,591 - INFO - Memproses jendela ke-3090 (hingga 2024-10-07 18:00:09)...
2025-07-27 15:38:52,454 - INFO - Memproses jendela ke-3100 (hingga 2024-10-08 04:00:09)...
2025-07-27 15:39:00,082 - INFO - Memproses jendela ke-3110 (hingga 2024-10-08 14:00:09)...
2025-07-27 15:39:04,779 - INFO - Memproses jendela ke-3120 (hingga 2024-10-09 00:00:09)...
2025-07-27 15:39:09,626 - INFO - Memproses jendela ke-3130 (hingga 2024-10-09 10:00:09)...
2025-07-27 15:39:13,521 - INFO - Memproses jendela ke-3140 (hingga 2024-10-09 20:00:09)...
2025-07-27 15:39:18,251 - INFO - Memproses jendela ke-3150 (hingga 2024-10-10 06:00:09)...
2025-07-27 15:39:22,754 - INFO - Memproses jendela ke-3160 (hingga 2024-10-10 16:00:09)...
2025-07-27 15:39:27,141 - INFO - Memproses jendela ke-3170 (hingga 2024-10-11 02:00:09)...
2025-07-27 15:39:34,648 - INFO - Memproses jendela ke-3180 (hingga 2024-10-11 12:00:09)...
2025-07-27 15:39:39,328 - INFO - Memproses jendela ke-3190 (hingga 2024-10-11 22:00:09)...
2025-07-27 15:39:43,730 - INFO - Memproses jendela ke-3200 (hingga 2024-10-12 08:00:09)...
2025-07-27 15:39:48,328 - INFO - Memproses jendela ke-3210 (hingga 2024-10-12 18:00:09)...
2025-07-27 15:39:53,495 - INFO - Memproses jendela ke-3220 (hingga 2024-10-13 04:00:09)...
2025-07-27 15:39:58,010 - INFO - Memproses jendela ke-3230 (hingga 2024-10-13 14:00:09)...
2025-07-27 15:40:02,347 - INFO - Memproses jendela ke-3240 (hingga 2024-10-14 00:00:09)...
2025-07-27 15:40:04,721 - INFO - Memproses jendela ke-3250 (hingga 2024-10-14 10:00:09)...
2025-07-27 15:40:10,299 - INFO - Memproses jendela ke-3260 (hingga 2024-10-14 20:00:09)...
2025-07-27 15:40:14,725 - INFO - Memproses jendela ke-3270 (hingga 2024-10-15 06:00:09)...
2025-07-27 15:40:18,967 - INFO - Memproses jendela ke-3280 (hingga 2024-10-15 16:00:09)...
2025-07-27 15:40:23,458 - INFO - Memproses jendela ke-3290 (hingga 2024-10-16 02:00:09)...
2025-07-27 15:40:27,876 - INFO - Memproses jendela ke-3300 (hingga 2024-10-16 12:00:09)...
2025-07-27 15:40:32,239 - INFO - Memproses jendela ke-3310 (hingga 2024-10-16 22:00:09)...
2025-07-27 15:40:38,672 - INFO - Memproses jendela ke-3320 (hingga 2024-10-17 08:00:09)...
2025-07-27 15:40:46,935 - INFO - Memproses jendela ke-3330 (hingga 2024-10-17 18:00:09)...
2025-07-27 15:40:52,708 - INFO - Memproses jendela ke-3340 (hingga 2024-10-18 04:00:09)...
2025-07-27 15:40:57,524 - INFO - Memproses jendela ke-3350 (hingga 2024-10-18 14:00:09)...
2025-07-27 15:41:02,779 - INFO - Memproses jendela ke-3360 (hingga 2024-10-19 00:00:09)...
2025-07-27 15:41:07,817 - INFO - Memproses jendela ke-3370 (hingga 2024-10-19 10:00:09)...
2025-07-27 15:41:08,387 - INFO - Memproses jendela ke-3380 (hingga 2024-10-19 20:00:09)...
2025-07-27 15:41:09,879 - INFO - Memproses jendela ke-3390 (hingga 2024-10-20 06:00:09)...
2025-07-27 15:41:10,986 - INFO - Memproses jendela ke-3400 (hingga 2024-10-20 16:00:09)...
2025-07-27 15:41:12,880 - INFO - Memproses jendela ke-3410 (hingga 2024-10-21 02:00:09)...
2025-07-27 15:41:14,933 - INFO - Memproses jendela ke-3420 (hingga 2024-10-21 12:00:09)...
2025-07-27 15:41:15,493 - INFO - Memproses jendela ke-3430 (hingga 2024-10-21 22:00:09)...
2025-07-27 15:41:16,164 - INFO - Memproses jendela ke-3440 (hingga 2024-10-22 08:00:09)...
2025-07-27 15:41:19,673 - INFO - Memproses jendela ke-3450 (hingga 2024-10-22 18:00:09)...
2025-07-27 15:41:20,004 - INFO - Memproses jendela ke-3460 (hingga 2024-10-23 04:00:09)...
2025-07-27 15:41:20,427 - INFO - Memproses jendela ke-3470 (hingga 2024-10-23 14:00:09)...
2025-07-27 15:41:20,894 - INFO - Memproses jendela ke-3480 (hingga 2024-10-24 00:00:09)...
2025-07-27 15:41:21,990 - INFO - Memproses jendela ke-3490 (hingga 2024-10-24 10:00:09)...
2025-07-27 15:41:24,189 - INFO - Memproses jendela ke-3500 (hingga 2024-10-24 20:00:09)...
2025-07-27 15:41:24,715 - INFO - Memproses jendela ke-3510 (hingga 2024-10-25 06:00:09)...
2025-07-27 15:41:26,400 - INFO - Memproses jendela ke-3520 (hingga 2024-10-25 16:00:09)...
2025-07-27 15:41:29,961 - INFO - Memproses jendela ke-3530 (hingga 2024-10-26 02:00:09)...
2025-07-27 15:41:34,553 - INFO - Memproses jendela ke-3540 (hingga 2024-10-26 12:00:09)...
2025-07-27 15:41:38,990 - INFO - Memproses jendela ke-3550 (hingga 2024-10-26 22:00:09)...
2025-07-27 15:41:43,336 - INFO - Memproses jendela ke-3560 (hingga 2024-10-27 08:00:09)...
2025-07-27 15:41:47,828 - INFO - Memproses jendela ke-3570 (hingga 2024-10-27 18:00:09)...
2025-07-27 15:41:55,514 - INFO - Memproses jendela ke-3580 (hingga 2024-10-28 04:00:09)...
2025-07-27 15:42:00,013 - INFO - Memproses jendela ke-3590 (hingga 2024-10-28 14:00:09)...
2025-07-27 15:42:05,039 - INFO - Memproses jendela ke-3600 (hingga 2024-10-29 00:00:09)...
2025-07-27 15:42:09,426 - INFO - Memproses jendela ke-3610 (hingga 2024-10-29 10:00:09)...
2025-07-27 15:42:13,945 - INFO - Memproses jendela ke-3620 (hingga 2024-10-29 20:00:09)...
2025-07-27 15:42:18,350 - INFO - Memproses jendela ke-3630 (hingga 2024-10-30 06:00:09)...
2025-07-27 15:42:22,661 - INFO - Memproses jendela ke-3640 (hingga 2024-10-30 16:00:09)...
2025-07-27 15:42:26,860 - INFO - Memproses jendela ke-3650 (hingga 2024-10-31 02:00:09)...
2025-07-27 15:42:34,255 - INFO - Memproses jendela ke-3660 (hingga 2024-10-31 12:00:09)...
2025-07-27 15:42:38,991 - INFO - Memproses jendela ke-3670 (hingga 2024-10-31 22:00:09)...
2025-07-27 15:42:43,388 - INFO - Memproses jendela ke-3680 (hingga 2024-11-01 08:00:09)...
2025-07-27 15:42:47,716 - INFO - Memproses jendela ke-3690 (hingga 2024-11-01 18:00:09)...
2025-07-27 15:42:52,396 - INFO - Memproses jendela ke-3700 (hingga 2024-11-02 04:00:09)...
2025-07-27 15:42:56,764 - INFO - Memproses jendela ke-3710 (hingga 2024-11-02 14:00:09)...
2025-07-27 15:43:01,549 - INFO - Memproses jendela ke-3720 (hingga 2024-11-03 00:00:09)...
2025-07-27 15:43:08,719 - INFO - Memproses jendela ke-3730 (hingga 2024-11-03 10:00:09)...
2025-07-27 15:43:11,140 - INFO - Memproses jendela ke-3740 (hingga 2024-11-03 20:00:09)...
2025-07-27 15:43:14,886 - INFO - Memproses jendela ke-3750 (hingga 2024-11-04 06:00:09)...
2025-07-27 15:43:19,176 - INFO - Memproses jendela ke-3760 (hingga 2024-11-04 16:00:09)...
2025-07-27 15:43:24,937 - INFO - Memproses jendela ke-3770 (hingga 2024-11-05 02:00:09)...
2025-07-27 15:43:31,948 - INFO - Memproses jendela ke-3780 (hingga 2024-11-05 12:00:09)...
2025-07-27 15:43:34,526 - INFO - Memproses jendela ke-3790 (hingga 2024-11-05 22:00:09)...
2025-07-27 15:43:44,531 - INFO - Memproses jendela ke-3800 (hingga 2024-11-06 08:00:09)...
2025-07-27 15:43:46,565 - INFO - Memproses jendela ke-3810 (hingga 2024-11-06 18:00:09)...
2025-07-27 15:43:49,582 - INFO - Memproses jendela ke-3820 (hingga 2024-11-07 04:00:09)...
2025-07-27 15:43:53,223 - INFO - Memproses jendela ke-3830 (hingga 2024-11-07 14:00:09)...
2025-07-27 15:43:55,904 - INFO - Memproses jendela ke-3840 (hingga 2024-11-08 00:00:09)...
2025-07-27 15:43:59,127 - INFO - Memproses jendela ke-3850 (hingga 2024-11-08 10:00:09)...
2025-07-27 15:44:01,514 - INFO - Memproses jendela ke-3860 (hingga 2024-11-08 20:00:09)...
2025-07-27 15:44:07,496 - INFO - Memproses jendela ke-3870 (hingga 2024-11-09 06:00:09)...
2025-07-27 15:44:10,935 - INFO - Memproses jendela ke-3880 (hingga 2024-11-09 16:00:09)...
2025-07-27 15:44:19,220 - INFO - Memproses jendela ke-3890 (hingga 2024-11-10 02:00:09)...
2025-07-27 15:44:26,202 - INFO - Memproses jendela ke-3900 (hingga 2024-11-10 12:00:09)...
2025-07-27 15:44:30,802 - INFO - Memproses jendela ke-3910 (hingga 2024-11-10 22:00:09)...
2025-07-27 15:44:37,024 - INFO - Memproses jendela ke-3920 (hingga 2024-11-11 08:00:09)...
2025-07-27 15:44:39,626 - INFO - Memproses jendela ke-3930 (hingga 2024-11-11 18:00:09)...
2025-07-27 15:44:45,866 - INFO - Memproses jendela ke-3940 (hingga 2024-11-12 04:00:09)...
2025-07-27 15:44:48,507 - INFO - Memproses jendela ke-3950 (hingga 2024-11-12 14:00:09)...
2025-07-27 15:44:51,500 - INFO - Memproses jendela ke-3960 (hingga 2024-11-13 00:00:09)...
2025-07-27 15:44:56,388 - INFO - Memproses jendela ke-3970 (hingga 2024-11-13 10:00:09)...
2025-07-27 15:44:57,804 - INFO - Memproses jendela ke-3980 (hingga 2024-11-13 20:00:09)...
2025-07-27 15:44:59,176 - INFO - Memproses jendela ke-3990 (hingga 2024-11-14 06:00:09)...
2025-07-27 15:45:02,252 - INFO - Memproses jendela ke-4000 (hingga 2024-11-14 16:00:09)...
2025-07-27 15:45:11,613 - INFO - Memproses jendela ke-4010 (hingga 2024-11-15 02:00:09)...
2025-07-27 15:45:15,387 - INFO - Memproses jendela ke-4020 (hingga 2024-11-15 12:00:09)...
2025-07-27 15:45:17,751 - INFO - Memproses jendela ke-4030 (hingga 2024-11-15 22:00:09)...
2025-07-27 15:45:22,142 - INFO - Memproses jendela ke-4040 (hingga 2024-11-16 08:00:09)...
2025-07-27 15:45:24,712 - INFO - Memproses jendela ke-4050 (hingga 2024-11-16 18:00:09)...
2025-07-27 15:45:32,629 - INFO - Memproses jendela ke-4060 (hingga 2024-11-17 04:00:09)...
2025-07-27 15:45:45,000 - INFO - Memproses jendela ke-4070 (hingga 2024-11-17 14:00:09)...
2025-07-27 15:45:47,638 - INFO - Memproses jendela ke-4080 (hingga 2024-11-18 00:00:09)...
2025-07-27 15:45:52,615 - INFO - Memproses jendela ke-4090 (hingga 2024-11-18 10:00:09)...
2025-07-27 15:45:54,520 - INFO - Memproses jendela ke-4100 (hingga 2024-11-18 20:00:09)...
2025-07-27 15:45:59,195 - INFO - Memproses jendela ke-4110 (hingga 2024-11-19 06:00:09)...
2025-07-27 15:46:02,391 - INFO - Memproses jendela ke-4120 (hingga 2024-11-19 16:00:09)...
2025-07-27 15:46:05,658 - INFO - Memproses jendela ke-4130 (hingga 2024-11-20 02:00:09)...
2025-07-27 15:46:09,038 - INFO - Memproses jendela ke-4140 (hingga 2024-11-20 12:00:09)...
2025-07-27 15:46:12,355 - INFO - Memproses jendela ke-4150 (hingga 2024-11-20 22:00:09)...
2025-07-27 15:46:19,693 - INFO - Memproses jendela ke-4160 (hingga 2024-11-21 08:00:09)...
2025-07-27 15:46:22,300 - INFO - Memproses jendela ke-4170 (hingga 2024-11-21 18:00:09)...
2025-07-27 15:46:25,339 - INFO - Memproses jendela ke-4180 (hingga 2024-11-22 04:00:09)...
2025-07-27 15:46:27,782 - INFO - Memproses jendela ke-4190 (hingga 2024-11-22 14:00:09)...
2025-07-27 15:46:30,933 - INFO - Memproses jendela ke-4200 (hingga 2024-11-23 00:00:09)...
2025-07-27 15:46:34,185 - INFO - Memproses jendela ke-4210 (hingga 2024-11-23 10:00:09)...
2025-07-27 15:46:36,973 - INFO - Memproses jendela ke-4220 (hingga 2024-11-23 20:00:09)...
2025-07-27 15:46:41,675 - INFO - Memproses jendela ke-4230 (hingga 2024-11-24 06:00:09)...
2025-07-27 15:46:44,651 - INFO - Memproses jendela ke-4240 (hingga 2024-11-24 16:00:09)...
2025-07-27 15:46:48,572 - INFO - Memproses jendela ke-4250 (hingga 2024-11-25 02:00:09)...
2025-07-27 15:46:51,237 - INFO - Memproses jendela ke-4260 (hingga 2024-11-25 12:00:09)...
2025-07-27 15:46:57,354 - INFO - Memproses jendela ke-4270 (hingga 2024-11-25 22:00:09)...
2025-07-27 15:47:02,278 - INFO - Memproses jendela ke-4280 (hingga 2024-11-26 08:00:09)...
2025-07-27 15:47:05,119 - INFO - Memproses jendela ke-4290 (hingga 2024-11-26 18:00:09)...
2025-07-27 15:47:09,710 - INFO - Memproses jendela ke-4300 (hingga 2024-11-27 04:00:09)...
2025-07-27 15:47:13,319 - INFO - Memproses jendela ke-4310 (hingga 2024-11-27 14:00:09)...
2025-07-27 15:47:20,535 - INFO - Memproses jendela ke-4320 (hingga 2024-11-28 00:00:09)...
2025-07-27 15:47:31,806 - INFO - Memproses jendela ke-4330 (hingga 2024-11-28 10:00:09)...
2025-07-27 15:47:35,385 - INFO - Memproses jendela ke-4340 (hingga 2024-11-28 20:00:09)...
2025-07-27 15:47:42,335 - INFO - Memproses jendela ke-4350 (hingga 2024-11-29 06:00:09)...
2025-07-27 15:47:46,803 - INFO - Memproses jendela ke-4360 (hingga 2024-11-29 16:00:09)...
2025-07-27 15:47:51,307 - INFO - Memproses jendela ke-4370 (hingga 2024-11-30 02:00:09)...
2025-07-27 15:47:56,594 - INFO - Memproses jendela ke-4380 (hingga 2024-11-30 12:00:09)...
2025-07-27 15:47:59,486 - INFO - Memproses jendela ke-4390 (hingga 2024-11-30 22:00:09)...
2025-07-27 15:48:07,996 - INFO - Memproses jendela ke-4400 (hingga 2024-12-01 08:00:09)...
2025-07-27 15:48:10,741 - INFO - Memproses jendela ke-4410 (hingga 2024-12-01 18:00:09)...
2025-07-27 15:48:14,421 - INFO - Memproses jendela ke-4420 (hingga 2024-12-02 04:00:09)...
2025-07-27 15:48:17,269 - INFO - Memproses jendela ke-4430 (hingga 2024-12-02 14:00:09)...
2025-07-27 15:48:19,345 - INFO - Memproses jendela ke-4440 (hingga 2024-12-03 00:00:09)...
2025-07-27 15:48:21,642 - INFO - Memproses jendela ke-4450 (hingga 2024-12-03 10:00:09)...
2025-07-27 15:48:24,328 - INFO - Memproses jendela ke-4460 (hingga 2024-12-03 20:00:09)...
2025-07-27 15:48:27,568 - INFO - Memproses jendela ke-4470 (hingga 2024-12-04 06:00:09)...
2025-07-27 15:48:31,443 - INFO - Memproses jendela ke-4480 (hingga 2024-12-04 16:00:09)...
2025-07-27 15:48:33,649 - INFO - Memproses jendela ke-4490 (hingga 2024-12-05 02:00:09)...
2025-07-27 15:48:36,168 - INFO - Memproses jendela ke-4500 (hingga 2024-12-05 12:00:09)...
2025-07-27 15:48:38,246 - INFO - Memproses jendela ke-4510 (hingga 2024-12-05 22:00:09)...
2025-07-27 15:48:44,824 - INFO - Memproses jendela ke-4520 (hingga 2024-12-06 08:00:09)...
2025-07-27 15:48:48,289 - INFO - Memproses jendela ke-4530 (hingga 2024-12-06 18:00:09)...
2025-07-27 15:48:51,755 - INFO - Memproses jendela ke-4540 (hingga 2024-12-07 04:00:09)...
2025-07-27 15:48:56,798 - INFO - Memproses jendela ke-4550 (hingga 2024-12-07 14:00:09)...
2025-07-27 15:49:02,213 - INFO - Memproses jendela ke-4560 (hingga 2024-12-08 00:00:09)...
2025-07-27 15:49:07,225 - INFO - Memproses jendela ke-4570 (hingga 2024-12-08 10:00:09)...
2025-07-27 15:49:09,981 - INFO - Memproses jendela ke-4580 (hingga 2024-12-08 20:00:09)...
2025-07-27 15:49:16,927 - INFO - Memproses jendela ke-4590 (hingga 2024-12-09 06:00:09)...
2025-07-27 15:49:19,964 - INFO - Memproses jendela ke-4600 (hingga 2024-12-09 16:00:09)...
2025-07-27 15:49:23,237 - INFO - Memproses jendela ke-4610 (hingga 2024-12-10 02:00:09)...
2025-07-27 15:49:25,190 - INFO - Memproses jendela ke-4620 (hingga 2024-12-10 12:00:09)...
2025-07-27 15:49:27,876 - INFO - Memproses jendela ke-4630 (hingga 2024-12-10 22:00:09)...
2025-07-27 15:49:32,153 - INFO - Memproses jendela ke-4640 (hingga 2024-12-11 08:00:09)...
2025-07-27 15:49:35,241 - INFO - Memproses jendela ke-4650 (hingga 2024-12-11 18:00:09)...
2025-07-27 15:49:37,845 - INFO - Memproses jendela ke-4660 (hingga 2024-12-12 04:00:09)...
2025-07-27 15:49:40,676 - INFO - Memproses jendela ke-4670 (hingga 2024-12-12 14:00:09)...
2025-07-27 15:49:43,633 - INFO - Memproses jendela ke-4680 (hingga 2024-12-13 00:00:09)...
2025-07-27 15:49:48,005 - INFO - Memproses jendela ke-4690 (hingga 2024-12-13 10:00:09)...
2025-07-27 15:49:53,130 - INFO - Memproses jendela ke-4700 (hingga 2024-12-13 20:00:09)...
2025-07-27 15:49:56,198 - INFO - Memproses jendela ke-4710 (hingga 2024-12-14 06:00:09)...
2025-07-27 15:49:59,404 - INFO - Memproses jendela ke-4720 (hingga 2024-12-14 16:00:09)...
2025-07-27 15:50:03,317 - INFO - Memproses jendela ke-4730 (hingga 2024-12-15 02:00:09)...
2025-07-27 15:50:07,260 - INFO - Memproses jendela ke-4740 (hingga 2024-12-15 12:00:09)...
2025-07-27 15:50:10,592 - INFO - Memproses jendela ke-4750 (hingga 2024-12-15 22:00:09)...
2025-07-27 15:50:15,780 - INFO - Memproses jendela ke-4760 (hingga 2024-12-16 08:00:09)...
2025-07-27 15:50:19,569 - INFO - Memproses jendela ke-4770 (hingga 2024-12-16 18:00:09)...
2025-07-27 15:50:22,639 - INFO - Memproses jendela ke-4780 (hingga 2024-12-17 04:00:09)...
2025-07-27 15:50:30,493 - INFO - Memproses jendela ke-4790 (hingga 2024-12-17 14:00:09)...
2025-07-27 15:50:34,358 - INFO - Memproses jendela ke-4800 (hingga 2024-12-18 00:00:09)...
2025-07-27 15:50:38,422 - INFO - Memproses jendela ke-4810 (hingga 2024-12-18 10:00:09)...
2025-07-27 15:50:41,512 - INFO - Memproses jendela ke-4820 (hingga 2024-12-18 20:00:09)...
2025-07-27 15:50:46,764 - INFO - Memproses jendela ke-4830 (hingga 2024-12-19 06:00:09)...
2025-07-27 15:50:51,736 - INFO - Memproses jendela ke-4840 (hingga 2024-12-19 16:00:09)...
2025-07-27 15:50:55,455 - INFO - Memproses jendela ke-4850 (hingga 2024-12-20 02:00:09)...
2025-07-27 15:51:04,266 - INFO - Memproses jendela ke-4860 (hingga 2024-12-20 12:00:09)...
2025-07-27 15:51:07,050 - INFO - Memproses jendela ke-4870 (hingga 2024-12-20 22:00:09)...
2025-07-27 15:51:10,447 - INFO - Memproses jendela ke-4880 (hingga 2024-12-21 08:00:09)...
2025-07-27 15:51:13,568 - INFO - Memproses jendela ke-4890 (hingga 2024-12-21 18:00:09)...
2025-07-27 15:51:19,337 - INFO - Memproses jendela ke-4900 (hingga 2024-12-22 04:00:09)...
2025-07-27 15:51:23,058 - INFO - Memproses jendela ke-4910 (hingga 2024-12-22 14:00:09)...
2025-07-27 15:51:25,382 - INFO - Memproses jendela ke-4920 (hingga 2024-12-23 00:00:09)...
2025-07-27 15:51:29,662 - INFO - Memproses jendela ke-4930 (hingga 2024-12-23 10:00:09)...
2025-07-27 15:51:32,038 - INFO - Memproses jendela ke-4940 (hingga 2024-12-23 20:00:09)...
2025-07-27 15:51:33,621 - INFO - Memproses jendela ke-4950 (hingga 2024-12-24 06:00:09)...
2025-07-27 15:51:38,526 - INFO - Memproses jendela ke-4960 (hingga 2024-12-24 16:00:09)...
2025-07-27 15:51:40,481 - INFO - Memproses jendela ke-4970 (hingga 2024-12-25 02:00:09)...
2025-07-27 15:51:42,167 - INFO - Memproses jendela ke-4980 (hingga 2024-12-25 12:00:09)...
2025-07-27 15:51:44,317 - INFO - Memproses jendela ke-4990 (hingga 2024-12-25 22:00:09)...
2025-07-27 15:51:47,127 - INFO - Memproses jendela ke-5000 (hingga 2024-12-26 08:00:09)...
2025-07-27 15:51:49,181 - INFO - Memproses jendela ke-5010 (hingga 2024-12-26 18:00:09)...
2025-07-27 15:51:52,559 - INFO - Memproses jendela ke-5020 (hingga 2024-12-27 04:00:09)...
2025-07-27 15:51:54,559 - INFO - Memproses jendela ke-5030 (hingga 2024-12-27 14:00:09)...
2025-07-27 15:51:56,704 - INFO - Memproses jendela ke-5040 (hingga 2024-12-28 00:00:09)...
2025-07-27 15:52:00,892 - INFO - Memproses jendela ke-5050 (hingga 2024-12-28 10:00:09)...
2025-07-27 15:52:02,664 - INFO - Memproses jendela ke-5060 (hingga 2024-12-28 20:00:09)...
2025-07-27 15:52:07,233 - INFO - Memproses jendela ke-5070 (hingga 2024-12-29 06:00:09)...
2025-07-27 15:52:09,314 - INFO - Memproses jendela ke-5080 (hingga 2024-12-29 16:00:09)...
2025-07-27 15:52:13,988 - INFO - Memproses jendela ke-5090 (hingga 2024-12-30 02:00:09)...
2025-07-27 15:52:17,085 - INFO - Memproses jendela ke-5100 (hingga 2024-12-30 12:00:09)...
2025-07-27 15:52:21,821 - INFO - Memproses jendela ke-5110 (hingga 2024-12-30 22:00:09)...
2025-07-27 15:52:23,709 - INFO - 
Deteksi anomali selesai.
2025-07-27 15:52:23,709 - INFO - Total anomali terdeteksi: 0
2025-07-27 15:52:29,891 - INFO - 
Tidak ada anomali illegal transhipment yang terdeteksi.
2025-07-27 15:52:29,892 - INFO - 
--- Contoh Potensi Interaksi (dengan durasi) ---
2025-07-27 15:52:29,892 - INFO -       mmsi_1     mmsi_2                 timestamp     lat_1       lon_1     lat_2       lon_2  sog_1  sog_2  distance_km  interaction_duration_min
0  013788093  574497000 2024-08-30 02:00:13+00:00 -6.094600  106.882475 -6.095592  106.882765    0.0    0.0     0.114836                       0.0
2  013788093  574497000 2024-08-30 06:30:04+00:00 -6.094628  106.882437 -6.095538  106.882725    0.0    0.0     0.106091                       0.0
3  013788093  574497000 2024-08-30 18:30:22+00:00 -6.094555  106.882415 -6.095543  106.882708    0.0    0.0     0.114584                       0.0
4  100000000  525021403 2024-09-02 00:30:30+00:00 -6.074223  106.952573 -6.074240  106.952445    0.0    0.0     0.014310                       0.0
5  200000000  525500034 2024-07-25 09:30:01+00:00 -6.101710  106.907455 -6.101960  106.907377    0.0    0.0     0.029117                       0.0
2025-07-27 15:52:30,127 - INFO - 
Potensi interaksi disimpan ke 'potential_vessel_interactions_with_duration.csv'
2025-07-27 15:52:45,166 - INFO - Peta potensi interaksi disimpan ke 'potential_interactions_map.html'
